2014-10-14 16:03:29,410 [main] ERROR StackTrace  - Full Stack Trace:
java.lang.Exception: No tests found matching grails test target pattern filter from org.junit.runner.Request$1@60bcd400
	at org.junit.internal.requests.FilterRequest.getRunner(FilterRequest.java:35)
	at org.junit.runner.JUnitCore.run(JUnitCore.java:138)
	at org.junit.runner.JUnitCore$run$0.call(Unknown Source)
	at org.codehaus.groovy.runtime.callsite.CallSiteArray.defaultCall(CallSiteArray.java:45)
	at org.codehaus.groovy.runtime.callsite.AbstractCallSite.call(AbstractCallSite.java:108)
	at org.codehaus.groovy.runtime.callsite.AbstractCallSite.call(AbstractCallSite.java:116)
	at org.codehaus.groovy.grails.test.spock.GrailsSpecTestType.doRun(GrailsSpecTestType.groovy:147)
	at org.codehaus.groovy.grails.test.support.GrailsTestTypeSupport.run(GrailsTestTypeSupport.groovy:121)
	at org.codehaus.groovy.grails.test.runner.GrailsProjectTestRunner.runTests(GrailsProjectTestRunner.groovy:415)
	at org.codehaus.groovy.grails.test.runner.GrailsProjectTestRunner.processTests(GrailsProjectTestRunner.groovy:395)
	at sun.reflect.NativeMethodAccessorImpl.invoke0(Native Method)
	at sun.reflect.NativeMethodAccessorImpl.invoke(NativeMethodAccessorImpl.java:57)
	at sun.reflect.DelegatingMethodAccessorImpl.invoke(DelegatingMethodAccessorImpl.java:43)
	at java.lang.reflect.Method.invoke(Method.java:606)
	at org.springsource.loaded.ri.ReflectiveInterceptor.jlrMethodInvoke(ReflectiveInterceptor.java:1270)
	at org.codehaus.groovy.reflection.CachedMethod.invoke(CachedMethod.java:90)
	at groovy.lang.MetaMethod.doMethodInvoke(MetaMethod.java:233)
	at groovy.lang.MetaClassImpl.invokeMethod(MetaClassImpl.java:1085)
	at groovy.lang.ExpandoMetaClass.invokeMethod(ExpandoMetaClass.java:1110)
	at groovy.lang.MetaClassImpl.invokeMethod(MetaClassImpl.java:909)
	at groovy.lang.MetaClassImpl.invokeMethod(MetaClassImpl.java:1030)
	at groovy.lang.ExpandoMetaClass.invokeMethod(ExpandoMetaClass.java:1110)
	at groovy.lang.MetaClassImpl.invokeMethod(MetaClassImpl.java:909)
	at org.codehaus.groovy.runtime.callsite.PogoMetaClassSite.callCurrent(PogoMetaClassSite.java:66)
	at org.codehaus.groovy.runtime.callsite.CallSiteArray.defaultCallCurrent(CallSiteArray.java:49)
	at org.codehaus.groovy.runtime.callsite.AbstractCallSite.callCurrent(AbstractCallSite.java:133)
	at org.codehaus.groovy.runtime.callsite.AbstractCallSite.callCurrent(AbstractCallSite.java:141)
	at org.codehaus.groovy.grails.test.runner.GrailsProjectTestRunner$_runAllTests_closure7.doCall(GrailsProjectTestRunner.groovy:313)
	at sun.reflect.NativeMethodAccessorImpl.invoke0(Native Method)
	at sun.reflect.NativeMethodAccessorImpl.invoke(NativeMethodAccessorImpl.java:57)
	at sun.reflect.DelegatingMethodAccessorImpl.invoke(DelegatingMethodAccessorImpl.java:43)
	at java.lang.reflect.Method.invoke(Method.java:606)
	at org.springsource.loaded.ri.ReflectiveInterceptor.jlrMethodInvoke(ReflectiveInterceptor.java:1270)
	at org.codehaus.groovy.reflection.CachedMethod.invoke(CachedMethod.java:90)
	at groovy.lang.MetaMethod.doMethodInvoke(MetaMethod.java:233)
	at groovy.lang.MetaClassImpl.invokeMethod(MetaClassImpl.java:1085)
	at groovy.lang.ExpandoMetaClass.invokeMethod(ExpandoMetaClass.java:1110)
	at groovy.lang.MetaClassImpl.invokeMethod(MetaClassImpl.java:909)
	at groovy.lang.Closure.call(Closure.java:423)
	at org.codehaus.groovy.runtime.DefaultGroovyMethods.callClosureForMapEntry(DefaultGroovyMethods.java:4240)
	at org.codehaus.groovy.runtime.DefaultGroovyMethods.each(DefaultGroovyMethods.java:1402)
	at org.codehaus.groovy.runtime.dgm$151.invoke(Unknown Source)
	at org.codehaus.groovy.runtime.callsite.PojoMetaMethodSite$PojoMetaMethodSiteNoUnwrapNoCoerce.invoke(PojoMetaMethodSite.java:271)
	at org.codehaus.groovy.runtime.callsite.PojoMetaMethodSite.call(PojoMetaMethodSite.java:53)
	at org.codehaus.groovy.runtime.callsite.CallSiteArray.defaultCall(CallSiteArray.java:45)
	at org.codehaus.groovy.runtime.callsite.AbstractCallSite.call(AbstractCallSite.java:108)
	at org.codehaus.groovy.runtime.callsite.AbstractCallSite.call(AbstractCallSite.java:116)
	at org.codehaus.groovy.grails.test.runner.GrailsProjectTestRunner.runAllTests(GrailsProjectTestRunner.groovy:299)
	at org.codehaus.groovy.grails.test.runner.GrailsProjectTestRunner.runAllTests(GrailsProjectTestRunner.groovy:214)
	at org.codehaus.groovy.grails.test.runner.GrailsProjectTestRunner.runAllTests(GrailsProjectTestRunner.groovy)
	at org.codehaus.groovy.grails.test.runner.GrailsProjectTestRunner$runAllTests$0.call(Unknown Source)
	at org.codehaus.groovy.runtime.callsite.CallSiteArray.defaultCall(CallSiteArray.java:45)
	at org.codehaus.groovy.runtime.callsite.AbstractCallSite.call(AbstractCallSite.java:108)
	at org.codehaus.groovy.runtime.callsite.AbstractCallSite.call(AbstractCallSite.java:116)
	at org.codehaus.groovy.grails.cli.fork.testing.ForkedGrailsTestRunner.runInstance(ForkedGrailsTestRunner.groovy:128)
	at org.codehaus.groovy.grails.cli.fork.ForkedGrailsProjectClassExecutor.run(ForkedGrailsProjectClassExecutor.groovy:74)
	at org.codehaus.groovy.grails.cli.fork.testing.ForkedGrailsTestRunner.main(ForkedGrailsTestRunner.groovy:75)
2014-10-14 16:03:29,457 [main] ERROR StackTrace  - Full Stack Trace:
java.lang.Exception: No tests found matching grails test target pattern filter from org.junit.runner.Request$1@60bcd400
	at org.junit.internal.requests.FilterRequest.getRunner(FilterRequest.java:35)
	at org.junit.runner.JUnitCore.run(JUnitCore.java:138)
2014-10-14 16:03:29,462 [main] ERROR StackTrace  - Full Stack Trace:
java.lang.Exception: No tests found matching grails test target pattern filter from org.junit.runner.Request$1@60bcd400
	at org.junit.internal.requests.FilterRequest.getRunner(FilterRequest.java:35)
	at org.junit.runner.JUnitCore.run(JUnitCore.java:138)
2014-10-14 16:03:29,462 [main] ERROR StackTrace  - Full Stack Trace:
java.lang.Exception: No tests found matching grails test target pattern filter from org.junit.runner.Request$1@60bcd400
	at org.junit.internal.requests.FilterRequest.getRunner(FilterRequest.java:35)
	at org.junit.runner.JUnitCore.run(JUnitCore.java:138)
2014-10-14 16:03:29,729 [main] ERROR StackTrace  - Full Stack Trace:
java.lang.Exception: No tests found matching grails test target pattern filter from org.junit.runner.Request$1@60bcd400
	at org.junit.internal.requests.FilterRequest.getRunner(FilterRequest.java:35)
	at org.junit.runner.JUnitCore.run(JUnitCore.java:138)
2014-10-14 16:03:29,729 [main] ERROR StackTrace  - Full Stack Trace:
java.lang.Exception: No tests found matching grails test target pattern filter from org.junit.runner.Request$1@60bcd400
	at org.junit.internal.requests.FilterRequest.getRunner(FilterRequest.java:35)
	at org.junit.runner.JUnitCore.run(JUnitCore.java:138)
2014-10-14 16:15:34,693 [main] ERROR StackTrace  - Full Stack Trace:
Condition not satisfied:

user.validate()
|    |
|    false
forum.User : (unsaved)

	at forum.UserSpec.Test that name must begin with an upper case letter(UserSpec.groovy:29)
2014-10-14 16:15:34,784 [main] ERROR StackTrace  - Full Stack Trace:
Condition not satisfied:

user.validate()
|    |
|    false
forum.User : (unsaved)

	at forum.UserSpec.Test that name must begin with an upper case letter(UserSpec.groovy:29)
2014-10-14 16:15:34,785 [main] ERROR StackTrace  - Full Stack Trace:
junit.framework.AssertionFailedError: Condition not satisfied:

user.validate()
|    |
|    false
forum.User : (unsaved)

	at forum.UserSpec.Test that name must begin with an upper case letter(UserSpec.groovy:29)
2014-10-14 16:15:34,786 [main] ERROR StackTrace  - Full Stack Trace:
junit.framework.AssertionFailedError: Condition not satisfied:

user.validate()
|    |
|    false
forum.User : (unsaved)

	at forum.UserSpec.Test that name must begin with an upper case letter(UserSpec.groovy:29)
2014-10-14 16:15:34,906 [main] ERROR StackTrace  - Full Stack Trace:
junit.framework.AssertionFailedError: Condition not satisfied:

user.validate()
|    |
|    false
forum.User : (unsaved)

	at forum.UserSpec.Test that name must begin with an upper case letter(UserSpec.groovy:29)
2014-10-14 16:15:34,906 [main] ERROR StackTrace  - Full Stack Trace:
junit.framework.AssertionFailedError: Condition not satisfied:

user.validate()
|    |
|    false
forum.User : (unsaved)

	at forum.UserSpec.Test that name must begin with an upper case letter(UserSpec.groovy:29)
2014-10-14 16:25:39,728 [main] ERROR StackTrace  - Full Stack Trace:
Condition not satisfied:

user.validate()
|    |
|    false
forum.User : (unsaved)

	at forum.UserSpec.Test that name must begin with an upper case letter(UserSpec.groovy:23)
2014-10-14 16:25:39,895 [main] ERROR StackTrace  - Full Stack Trace:
Condition not satisfied:

user.validate()
|    |
|    false
forum.User : (unsaved)

	at forum.UserSpec.Test that name must begin with an upper case letter(UserSpec.groovy:23)
2014-10-14 16:25:39,897 [main] ERROR StackTrace  - Full Stack Trace:
junit.framework.AssertionFailedError: Condition not satisfied:

user.validate()
|    |
|    false
forum.User : (unsaved)

	at forum.UserSpec.Test that name must begin with an upper case letter(UserSpec.groovy:23)
2014-10-14 16:25:39,898 [main] ERROR StackTrace  - Full Stack Trace:
junit.framework.AssertionFailedError: Condition not satisfied:

user.validate()
|    |
|    false
forum.User : (unsaved)

	at forum.UserSpec.Test that name must begin with an upper case letter(UserSpec.groovy:23)
2014-10-14 16:25:40,206 [main] ERROR StackTrace  - Full Stack Trace:
junit.framework.AssertionFailedError: Condition not satisfied:

user.validate()
|    |
|    false
forum.User : (unsaved)

	at forum.UserSpec.Test that name must begin with an upper case letter(UserSpec.groovy:23)
2014-10-14 16:25:40,206 [main] ERROR StackTrace  - Full Stack Trace:
junit.framework.AssertionFailedError: Condition not satisfied:

user.validate()
|    |
|    false
forum.User : (unsaved)

	at forum.UserSpec.Test that name must begin with an upper case letter(UserSpec.groovy:23)
2014-10-14 16:29:28,265 [main] ERROR StackTrace  - Full Stack Trace:
Condition not satisfied:

user.validate()
|    |
|    false
forum.User : (unsaved)

	at forum.UserSpec.Test that name must begin with an upper case letter(UserSpec.groovy:23)
2014-10-14 16:29:28,304 [main] ERROR StackTrace  - Full Stack Trace:
Condition not satisfied:

user.validate()
|    |
|    false
forum.User : (unsaved)

	at forum.UserSpec.Test that name must begin with an upper case letter(UserSpec.groovy:23)
2014-10-14 16:29:28,306 [main] ERROR StackTrace  - Full Stack Trace:
junit.framework.AssertionFailedError: Condition not satisfied:

user.validate()
|    |
|    false
forum.User : (unsaved)

	at forum.UserSpec.Test that name must begin with an upper case letter(UserSpec.groovy:23)
2014-10-14 16:29:28,306 [main] ERROR StackTrace  - Full Stack Trace:
junit.framework.AssertionFailedError: Condition not satisfied:

user.validate()
|    |
|    false
forum.User : (unsaved)

	at forum.UserSpec.Test that name must begin with an upper case letter(UserSpec.groovy:23)
2014-10-14 16:29:28,359 [main] ERROR StackTrace  - Full Stack Trace:
junit.framework.AssertionFailedError: Condition not satisfied:

user.validate()
|    |
|    false
forum.User : (unsaved)

	at forum.UserSpec.Test that name must begin with an upper case letter(UserSpec.groovy:23)
2014-10-14 16:29:28,360 [main] ERROR StackTrace  - Full Stack Trace:
junit.framework.AssertionFailedError: Condition not satisfied:

user.validate()
|    |
|    false
forum.User : (unsaved)

	at forum.UserSpec.Test that name must begin with an upper case letter(UserSpec.groovy:23)
2014-10-14 16:32:10,151 [main] ERROR StackTrace  - Full Stack Trace:
Condition not satisfied:

user.validate()
|    |
|    false
forum.User : (unsaved)

	at forum.UserSpec.Test The password validate is working(UserSpec.groovy:23)
2014-10-14 16:32:10,352 [main] ERROR StackTrace  - Full Stack Trace:
Condition not satisfied:

user.validate()
|    |
|    false
forum.User : (unsaved)

	at forum.UserSpec.Test The password validate is working(UserSpec.groovy:23)
2014-10-14 16:32:10,354 [main] ERROR StackTrace  - Full Stack Trace:
junit.framework.AssertionFailedError: Condition not satisfied:

user.validate()
|    |
|    false
forum.User : (unsaved)

	at forum.UserSpec.Test The password validate is working(UserSpec.groovy:23)
2014-10-14 16:32:10,355 [main] ERROR StackTrace  - Full Stack Trace:
junit.framework.AssertionFailedError: Condition not satisfied:

user.validate()
|    |
|    false
forum.User : (unsaved)

	at forum.UserSpec.Test The password validate is working(UserSpec.groovy:23)
2014-10-14 16:32:10,697 [main] ERROR StackTrace  - Full Stack Trace:
junit.framework.AssertionFailedError: Condition not satisfied:

user.validate()
|    |
|    false
forum.User : (unsaved)

	at forum.UserSpec.Test The password validate is working(UserSpec.groovy:23)
2014-10-14 16:32:10,697 [main] ERROR StackTrace  - Full Stack Trace:
junit.framework.AssertionFailedError: Condition not satisfied:

user.validate()
|    |
|    false
forum.User : (unsaved)

	at forum.UserSpec.Test The password validate is working(UserSpec.groovy:23)
2014-10-14 16:44:00,389 [main] ERROR StackTrace  - Full Stack Trace:
Condition not satisfied:

user.validate()
|    |
|    false
forum.User : (unsaved)

	at forum.UserSpec.Test(UserSpec.groovy:27)
2014-10-14 16:44:00,544 [main] ERROR StackTrace  - Full Stack Trace:
Condition not satisfied:

user.validate()
|    |
|    false
forum.User : (unsaved)

	at forum.UserSpec.Test(UserSpec.groovy:27)
2014-10-14 16:44:00,546 [main] ERROR StackTrace  - Full Stack Trace:
junit.framework.AssertionFailedError: Condition not satisfied:

user.validate()
|    |
|    false
forum.User : (unsaved)

	at forum.UserSpec.Test(UserSpec.groovy:27)
2014-10-14 16:44:00,546 [main] ERROR StackTrace  - Full Stack Trace:
junit.framework.AssertionFailedError: Condition not satisfied:

user.validate()
|    |
|    false
forum.User : (unsaved)

	at forum.UserSpec.Test(UserSpec.groovy:27)
2014-10-14 16:44:00,705 [main] ERROR StackTrace  - Full Stack Trace:
junit.framework.AssertionFailedError: Condition not satisfied:

user.validate()
|    |
|    false
forum.User : (unsaved)

	at forum.UserSpec.Test(UserSpec.groovy:27)
2014-10-14 16:44:00,705 [main] ERROR StackTrace  - Full Stack Trace:
junit.framework.AssertionFailedError: Condition not satisfied:

user.validate()
|    |
|    false
forum.User : (unsaved)

	at forum.UserSpec.Test(UserSpec.groovy:27)
2014-10-14 17:20:44,909 [main] ERROR StackTrace  - Full Stack Trace:
Condition not satisfied:

user.validate()
|    |
|    false
forum.User : (unsaved)

	at forum.UserSpec.Test name 1(UserSpec.groovy:24)
2014-10-14 17:20:44,953 [main] ERROR StackTrace  - Full Stack Trace:
Condition not satisfied:

user.validate()
|    |
|    false
forum.User : (unsaved)

	at forum.UserSpec.Test name 1(UserSpec.groovy:24)
2014-10-14 17:20:44,955 [main] ERROR StackTrace  - Full Stack Trace:
junit.framework.AssertionFailedError: Condition not satisfied:

user.validate()
|    |
|    false
forum.User : (unsaved)

	at forum.UserSpec.Test name 1(UserSpec.groovy:24)
2014-10-14 17:20:44,955 [main] ERROR StackTrace  - Full Stack Trace:
junit.framework.AssertionFailedError: Condition not satisfied:

user.validate()
|    |
|    false
forum.User : (unsaved)

	at forum.UserSpec.Test name 1(UserSpec.groovy:24)
2014-10-14 17:20:45,038 [main] ERROR StackTrace  - Full Stack Trace:
junit.framework.AssertionFailedError: Condition not satisfied:

user.validate()
|    |
|    false
forum.User : (unsaved)

	at forum.UserSpec.Test name 1(UserSpec.groovy:24)
2014-10-14 17:20:45,038 [main] ERROR StackTrace  - Full Stack Trace:
junit.framework.AssertionFailedError: Condition not satisfied:

user.validate()
|    |
|    false
forum.User : (unsaved)

	at forum.UserSpec.Test name 1(UserSpec.groovy:24)
2014-10-14 17:20:45,215 [main] ERROR StackTrace  - Full Stack Trace:
Condition not satisfied:

user.validate()
|    |
|    false
forum.User : (unsaved)

	at forum.UserSpec.Test name 2(UserSpec.groovy:34)
2014-10-14 17:20:45,216 [main] ERROR StackTrace  - Full Stack Trace:
Condition not satisfied:

user.validate()
|    |
|    false
forum.User : (unsaved)

	at forum.UserSpec.Test name 2(UserSpec.groovy:34)
2014-10-14 17:20:45,217 [main] ERROR StackTrace  - Full Stack Trace:
junit.framework.AssertionFailedError: Condition not satisfied:

user.validate()
|    |
|    false
forum.User : (unsaved)

	at forum.UserSpec.Test name 2(UserSpec.groovy:34)
2014-10-14 17:20:45,218 [main] ERROR StackTrace  - Full Stack Trace:
junit.framework.AssertionFailedError: Condition not satisfied:

user.validate()
|    |
|    false
forum.User : (unsaved)

	at forum.UserSpec.Test name 2(UserSpec.groovy:34)
2014-10-14 17:20:45,218 [main] ERROR StackTrace  - Full Stack Trace:
junit.framework.AssertionFailedError: Condition not satisfied:

user.validate()
|    |
|    false
forum.User : (unsaved)

	at forum.UserSpec.Test name 2(UserSpec.groovy:34)
2014-10-14 17:20:45,219 [main] ERROR StackTrace  - Full Stack Trace:
junit.framework.AssertionFailedError: Condition not satisfied:

user.validate()
|    |
|    false
forum.User : (unsaved)

	at forum.UserSpec.Test name 2(UserSpec.groovy:34)
2014-10-14 17:20:45,313 [main] ERROR StackTrace  - Full Stack Trace:
Condition not satisfied:

user.validate()
|    |
|    false
forum.User : (unsaved)

	at forum.UserSpec.Test name 3(UserSpec.groovy:43)
2014-10-14 17:20:45,313 [main] ERROR StackTrace  - Full Stack Trace:
Condition not satisfied:

user.validate()
|    |
|    false
forum.User : (unsaved)

	at forum.UserSpec.Test name 3(UserSpec.groovy:43)
2014-10-14 17:20:45,314 [main] ERROR StackTrace  - Full Stack Trace:
junit.framework.AssertionFailedError: Condition not satisfied:

user.validate()
|    |
|    false
forum.User : (unsaved)

	at forum.UserSpec.Test name 3(UserSpec.groovy:43)
2014-10-14 17:20:45,314 [main] ERROR StackTrace  - Full Stack Trace:
junit.framework.AssertionFailedError: Condition not satisfied:

user.validate()
|    |
|    false
forum.User : (unsaved)

	at forum.UserSpec.Test name 3(UserSpec.groovy:43)
2014-10-14 17:20:45,315 [main] ERROR StackTrace  - Full Stack Trace:
junit.framework.AssertionFailedError: Condition not satisfied:

user.validate()
|    |
|    false
forum.User : (unsaved)

	at forum.UserSpec.Test name 3(UserSpec.groovy:43)
2014-10-14 17:20:45,315 [main] ERROR StackTrace  - Full Stack Trace:
junit.framework.AssertionFailedError: Condition not satisfied:

user.validate()
|    |
|    false
forum.User : (unsaved)

	at forum.UserSpec.Test name 3(UserSpec.groovy:43)
2014-10-14 17:20:45,480 [main] ERROR StackTrace  - Full Stack Trace:
Condition not satisfied:

user.validate()
|    |
|    false
forum.User : (unsaved)

	at forum.UserSpec.Test lastname 1(UserSpec.groovy:63)
2014-10-14 17:20:45,481 [main] ERROR StackTrace  - Full Stack Trace:
Condition not satisfied:

user.validate()
|    |
|    false
forum.User : (unsaved)

	at forum.UserSpec.Test lastname 1(UserSpec.groovy:63)
2014-10-14 17:20:45,484 [main] ERROR StackTrace  - Full Stack Trace:
junit.framework.AssertionFailedError: Condition not satisfied:

user.validate()
|    |
|    false
forum.User : (unsaved)

	at forum.UserSpec.Test lastname 1(UserSpec.groovy:63)
2014-10-14 17:20:45,484 [main] ERROR StackTrace  - Full Stack Trace:
junit.framework.AssertionFailedError: Condition not satisfied:

user.validate()
|    |
|    false
forum.User : (unsaved)

	at forum.UserSpec.Test lastname 1(UserSpec.groovy:63)
2014-10-14 17:20:45,485 [main] ERROR StackTrace  - Full Stack Trace:
junit.framework.AssertionFailedError: Condition not satisfied:

user.validate()
|    |
|    false
forum.User : (unsaved)

	at forum.UserSpec.Test lastname 1(UserSpec.groovy:63)
2014-10-14 17:20:45,485 [main] ERROR StackTrace  - Full Stack Trace:
junit.framework.AssertionFailedError: Condition not satisfied:

user.validate()
|    |
|    false
forum.User : (unsaved)

	at forum.UserSpec.Test lastname 1(UserSpec.groovy:63)
2014-10-14 17:20:45,552 [main] ERROR StackTrace  - Full Stack Trace:
Condition not satisfied:

user.validate()
|    |
|    false
forum.User : (unsaved)

	at forum.UserSpec.Test lastname 2(UserSpec.groovy:73)
2014-10-14 17:20:45,553 [main] ERROR StackTrace  - Full Stack Trace:
Condition not satisfied:

user.validate()
|    |
|    false
forum.User : (unsaved)

	at forum.UserSpec.Test lastname 2(UserSpec.groovy:73)
2014-10-14 17:20:45,554 [main] ERROR StackTrace  - Full Stack Trace:
junit.framework.AssertionFailedError: Condition not satisfied:

user.validate()
|    |
|    false
forum.User : (unsaved)

	at forum.UserSpec.Test lastname 2(UserSpec.groovy:73)
2014-10-14 17:20:45,555 [main] ERROR StackTrace  - Full Stack Trace:
junit.framework.AssertionFailedError: Condition not satisfied:

user.validate()
|    |
|    false
forum.User : (unsaved)

	at forum.UserSpec.Test lastname 2(UserSpec.groovy:73)
2014-10-14 17:20:45,555 [main] ERROR StackTrace  - Full Stack Trace:
junit.framework.AssertionFailedError: Condition not satisfied:

user.validate()
|    |
|    false
forum.User : (unsaved)

	at forum.UserSpec.Test lastname 2(UserSpec.groovy:73)
2014-10-14 17:20:45,555 [main] ERROR StackTrace  - Full Stack Trace:
junit.framework.AssertionFailedError: Condition not satisfied:

user.validate()
|    |
|    false
forum.User : (unsaved)

	at forum.UserSpec.Test lastname 2(UserSpec.groovy:73)
2014-10-14 17:20:45,646 [main] ERROR StackTrace  - Full Stack Trace:
Condition not satisfied:

user.validate()
|    |
|    false
forum.User : (unsaved)

	at forum.UserSpec.Test lastname 3(UserSpec.groovy:83)
2014-10-14 17:20:45,647 [main] ERROR StackTrace  - Full Stack Trace:
Condition not satisfied:

user.validate()
|    |
|    false
forum.User : (unsaved)

	at forum.UserSpec.Test lastname 3(UserSpec.groovy:83)
2014-10-14 17:20:45,647 [main] ERROR StackTrace  - Full Stack Trace:
junit.framework.AssertionFailedError: Condition not satisfied:

user.validate()
|    |
|    false
forum.User : (unsaved)

	at forum.UserSpec.Test lastname 3(UserSpec.groovy:83)
2014-10-14 17:20:45,648 [main] ERROR StackTrace  - Full Stack Trace:
junit.framework.AssertionFailedError: Condition not satisfied:

user.validate()
|    |
|    false
forum.User : (unsaved)

	at forum.UserSpec.Test lastname 3(UserSpec.groovy:83)
2014-10-14 17:20:45,649 [main] ERROR StackTrace  - Full Stack Trace:
junit.framework.AssertionFailedError: Condition not satisfied:

user.validate()
|    |
|    false
forum.User : (unsaved)

	at forum.UserSpec.Test lastname 3(UserSpec.groovy:83)
2014-10-14 17:20:45,649 [main] ERROR StackTrace  - Full Stack Trace:
junit.framework.AssertionFailedError: Condition not satisfied:

user.validate()
|    |
|    false
forum.User : (unsaved)

	at forum.UserSpec.Test lastname 3(UserSpec.groovy:83)
2014-10-14 17:20:45,831 [main] ERROR StackTrace  - Full Stack Trace:
Condition not satisfied:

user.validate()
|    |
|    false
forum.User : (unsaved)

	at forum.UserSpec.Test age 1(UserSpec.groovy:104)
2014-10-14 17:20:45,832 [main] ERROR StackTrace  - Full Stack Trace:
Condition not satisfied:

user.validate()
|    |
|    false
forum.User : (unsaved)

	at forum.UserSpec.Test age 1(UserSpec.groovy:104)
2014-10-14 17:20:45,860 [main] ERROR StackTrace  - Full Stack Trace:
junit.framework.AssertionFailedError: Condition not satisfied:

user.validate()
|    |
|    false
forum.User : (unsaved)

	at forum.UserSpec.Test age 1(UserSpec.groovy:104)
2014-10-14 17:20:45,860 [main] ERROR StackTrace  - Full Stack Trace:
junit.framework.AssertionFailedError: Condition not satisfied:

user.validate()
|    |
|    false
forum.User : (unsaved)

	at forum.UserSpec.Test age 1(UserSpec.groovy:104)
2014-10-14 17:20:45,861 [main] ERROR StackTrace  - Full Stack Trace:
junit.framework.AssertionFailedError: Condition not satisfied:

user.validate()
|    |
|    false
forum.User : (unsaved)

	at forum.UserSpec.Test age 1(UserSpec.groovy:104)
2014-10-14 17:20:45,861 [main] ERROR StackTrace  - Full Stack Trace:
junit.framework.AssertionFailedError: Condition not satisfied:

user.validate()
|    |
|    false
forum.User : (unsaved)

	at forum.UserSpec.Test age 1(UserSpec.groovy:104)
2014-10-14 17:20:46,415 [main] ERROR StackTrace  - Full Stack Trace:
Condition not satisfied:

user.validate()
|    |
|    false
forum.User : (unsaved)

	at forum.UserSpec.Test age 2(UserSpec.groovy:114)
2014-10-14 17:20:46,417 [main] ERROR StackTrace  - Full Stack Trace:
Condition not satisfied:

user.validate()
|    |
|    false
forum.User : (unsaved)

	at forum.UserSpec.Test age 2(UserSpec.groovy:114)
2014-10-14 17:20:46,418 [main] ERROR StackTrace  - Full Stack Trace:
junit.framework.AssertionFailedError: Condition not satisfied:

user.validate()
|    |
|    false
forum.User : (unsaved)

	at forum.UserSpec.Test age 2(UserSpec.groovy:114)
2014-10-14 17:20:46,418 [main] ERROR StackTrace  - Full Stack Trace:
junit.framework.AssertionFailedError: Condition not satisfied:

user.validate()
|    |
|    false
forum.User : (unsaved)

	at forum.UserSpec.Test age 2(UserSpec.groovy:114)
2014-10-14 17:20:46,419 [main] ERROR StackTrace  - Full Stack Trace:
junit.framework.AssertionFailedError: Condition not satisfied:

user.validate()
|    |
|    false
forum.User : (unsaved)

	at forum.UserSpec.Test age 2(UserSpec.groovy:114)
2014-10-14 17:20:46,419 [main] ERROR StackTrace  - Full Stack Trace:
junit.framework.AssertionFailedError: Condition not satisfied:

user.validate()
|    |
|    false
forum.User : (unsaved)

	at forum.UserSpec.Test age 2(UserSpec.groovy:114)
2014-10-14 17:20:47,355 [main] ERROR StackTrace  - Full Stack Trace:
Condition not satisfied:

user.validate()
|    |
|    false
forum.User : (unsaved)

	at forum.UserSpec.Test username 1(UserSpec.groovy:137)
2014-10-14 17:20:47,356 [main] ERROR StackTrace  - Full Stack Trace:
Condition not satisfied:

user.validate()
|    |
|    false
forum.User : (unsaved)

	at forum.UserSpec.Test username 1(UserSpec.groovy:137)
2014-10-14 17:20:47,356 [main] ERROR StackTrace  - Full Stack Trace:
junit.framework.AssertionFailedError: Condition not satisfied:

user.validate()
|    |
|    false
forum.User : (unsaved)

	at forum.UserSpec.Test username 1(UserSpec.groovy:137)
2014-10-14 17:20:47,356 [main] ERROR StackTrace  - Full Stack Trace:
junit.framework.AssertionFailedError: Condition not satisfied:

user.validate()
|    |
|    false
forum.User : (unsaved)

	at forum.UserSpec.Test username 1(UserSpec.groovy:137)
2014-10-14 17:20:47,357 [main] ERROR StackTrace  - Full Stack Trace:
junit.framework.AssertionFailedError: Condition not satisfied:

user.validate()
|    |
|    false
forum.User : (unsaved)

	at forum.UserSpec.Test username 1(UserSpec.groovy:137)
2014-10-14 17:20:47,357 [main] ERROR StackTrace  - Full Stack Trace:
junit.framework.AssertionFailedError: Condition not satisfied:

user.validate()
|    |
|    false
forum.User : (unsaved)

	at forum.UserSpec.Test username 1(UserSpec.groovy:137)
2014-10-14 17:20:47,451 [main] ERROR StackTrace  - Full Stack Trace:
Condition not satisfied:

user.validate()
|    |
|    false
forum.User : (unsaved)

	at forum.UserSpec.Test password 1(UserSpec.groovy:160)
2014-10-14 17:20:47,452 [main] ERROR StackTrace  - Full Stack Trace:
Condition not satisfied:

user.validate()
|    |
|    false
forum.User : (unsaved)

	at forum.UserSpec.Test password 1(UserSpec.groovy:160)
2014-10-14 17:20:47,452 [main] ERROR StackTrace  - Full Stack Trace:
junit.framework.AssertionFailedError: Condition not satisfied:

user.validate()
|    |
|    false
forum.User : (unsaved)

	at forum.UserSpec.Test password 1(UserSpec.groovy:160)
2014-10-14 17:20:47,452 [main] ERROR StackTrace  - Full Stack Trace:
junit.framework.AssertionFailedError: Condition not satisfied:

user.validate()
|    |
|    false
forum.User : (unsaved)

	at forum.UserSpec.Test password 1(UserSpec.groovy:160)
2014-10-14 17:20:47,453 [main] ERROR StackTrace  - Full Stack Trace:
junit.framework.AssertionFailedError: Condition not satisfied:

user.validate()
|    |
|    false
forum.User : (unsaved)

	at forum.UserSpec.Test password 1(UserSpec.groovy:160)
2014-10-14 17:20:47,453 [main] ERROR StackTrace  - Full Stack Trace:
junit.framework.AssertionFailedError: Condition not satisfied:

user.validate()
|    |
|    false
forum.User : (unsaved)

	at forum.UserSpec.Test password 1(UserSpec.groovy:160)
2014-10-14 17:20:47,540 [main] ERROR StackTrace  - Full Stack Trace:
Condition not satisfied:

user.validate()
|    |
|    false
forum.User : (unsaved)

	at forum.UserSpec.Test password 2(UserSpec.groovy:171)
2014-10-14 17:20:47,542 [main] ERROR StackTrace  - Full Stack Trace:
Condition not satisfied:

user.validate()
|    |
|    false
forum.User : (unsaved)

	at forum.UserSpec.Test password 2(UserSpec.groovy:171)
2014-10-14 17:20:47,542 [main] ERROR StackTrace  - Full Stack Trace:
junit.framework.AssertionFailedError: Condition not satisfied:

user.validate()
|    |
|    false
forum.User : (unsaved)

	at forum.UserSpec.Test password 2(UserSpec.groovy:171)
2014-10-14 17:20:47,542 [main] ERROR StackTrace  - Full Stack Trace:
junit.framework.AssertionFailedError: Condition not satisfied:

user.validate()
|    |
|    false
forum.User : (unsaved)

	at forum.UserSpec.Test password 2(UserSpec.groovy:171)
2014-10-14 17:20:47,543 [main] ERROR StackTrace  - Full Stack Trace:
junit.framework.AssertionFailedError: Condition not satisfied:

user.validate()
|    |
|    false
forum.User : (unsaved)

	at forum.UserSpec.Test password 2(UserSpec.groovy:171)
2014-10-14 17:20:47,543 [main] ERROR StackTrace  - Full Stack Trace:
junit.framework.AssertionFailedError: Condition not satisfied:

user.validate()
|    |
|    false
forum.User : (unsaved)

	at forum.UserSpec.Test password 2(UserSpec.groovy:171)
2014-10-14 17:20:47,594 [main] ERROR StackTrace  - Full Stack Trace:
Condition not satisfied:

user.validate()
|    |
|    false
forum.User : (unsaved)

	at forum.UserSpec.Test password 3(UserSpec.groovy:181)
2014-10-14 17:20:47,848 [main] ERROR StackTrace  - Full Stack Trace:
Condition not satisfied:

user.validate()
|    |
|    false
forum.User : (unsaved)

	at forum.UserSpec.Test password 3(UserSpec.groovy:181)
2014-10-14 17:20:47,849 [main] ERROR StackTrace  - Full Stack Trace:
junit.framework.AssertionFailedError: Condition not satisfied:

user.validate()
|    |
|    false
forum.User : (unsaved)

	at forum.UserSpec.Test password 3(UserSpec.groovy:181)
2014-10-14 17:20:47,849 [main] ERROR StackTrace  - Full Stack Trace:
junit.framework.AssertionFailedError: Condition not satisfied:

user.validate()
|    |
|    false
forum.User : (unsaved)

	at forum.UserSpec.Test password 3(UserSpec.groovy:181)
2014-10-14 17:20:47,850 [main] ERROR StackTrace  - Full Stack Trace:
junit.framework.AssertionFailedError: Condition not satisfied:

user.validate()
|    |
|    false
forum.User : (unsaved)

	at forum.UserSpec.Test password 3(UserSpec.groovy:181)
2014-10-14 17:20:47,850 [main] ERROR StackTrace  - Full Stack Trace:
junit.framework.AssertionFailedError: Condition not satisfied:

user.validate()
|    |
|    false
forum.User : (unsaved)

	at forum.UserSpec.Test password 3(UserSpec.groovy:181)
2014-10-14 17:20:47,892 [main] ERROR StackTrace  - Full Stack Trace:
Condition not satisfied:

user.validate()
|    |
|    false
forum.User : (unsaved)

	at forum.UserSpec.Test password 4(UserSpec.groovy:191)
2014-10-14 17:20:47,893 [main] ERROR StackTrace  - Full Stack Trace:
Condition not satisfied:

user.validate()
|    |
|    false
forum.User : (unsaved)

	at forum.UserSpec.Test password 4(UserSpec.groovy:191)
2014-10-14 17:20:47,894 [main] ERROR StackTrace  - Full Stack Trace:
junit.framework.AssertionFailedError: Condition not satisfied:

user.validate()
|    |
|    false
forum.User : (unsaved)

	at forum.UserSpec.Test password 4(UserSpec.groovy:191)
2014-10-14 17:20:47,894 [main] ERROR StackTrace  - Full Stack Trace:
junit.framework.AssertionFailedError: Condition not satisfied:

user.validate()
|    |
|    false
forum.User : (unsaved)

	at forum.UserSpec.Test password 4(UserSpec.groovy:191)
2014-10-14 17:20:47,894 [main] ERROR StackTrace  - Full Stack Trace:
junit.framework.AssertionFailedError: Condition not satisfied:

user.validate()
|    |
|    false
forum.User : (unsaved)

	at forum.UserSpec.Test password 4(UserSpec.groovy:191)
2014-10-14 17:20:47,895 [main] ERROR StackTrace  - Full Stack Trace:
junit.framework.AssertionFailedError: Condition not satisfied:

user.validate()
|    |
|    false
forum.User : (unsaved)

	at forum.UserSpec.Test password 4(UserSpec.groovy:191)
