Testsuite: forum.UserSpec
Tests run: 19, Failures: 14, Errors: 0, Time elapsed: 18.618 sec
------------- Standard Output ---------------
--Output from Test name 1--
--Output from Test name 2--
--Output from Test name 3--
--Output from Test name 4--
--Output from Test name 5--
--Output from Test lastname 1--
--Output from Test lastname 2--
--Output from Test lastname 3--
--Output from Test lastname 4--
--Output from Test age 1--
--Output from Test age 2--
--Output from Test age 3--
--Output from Test username 1--
--Output from Test username 2--
--Output from Test password 1--
--Output from Test password 2--
--Output from Test password 3--
--Output from Test password 4--
--Output from Test password 5--
------------- ---------------- ---------------
------------- Standard Error -----------------
--Output from Test name 1--
--Output from Test name 2--
--Output from Test name 3--
--Output from Test name 4--
--Output from Test name 5--
--Output from Test lastname 1--
--Output from Test lastname 2--
--Output from Test lastname 3--
--Output from Test lastname 4--
--Output from Test age 1--
--Output from Test age 2--
--Output from Test age 3--
--Output from Test username 1--
--Output from Test username 2--
--Output from Test password 1--
--Output from Test password 2--
--Output from Test password 3--
--Output from Test password 4--
--Output from Test password 5--
------------- ---------------- ---------------

Testcase: Test name 1 took 16.856 sec
	FAILED
Condition not satisfied:

user.validate()
|    |
|    false
forum.User : (unsaved)

junit.framework.AssertionFailedError: Condition not satisfied:

user.validate()
|    |
|    false
forum.User : (unsaved)

	at forum.UserSpec.Test name 1(UserSpec.groovy:24)

Testcase: Test name 2 took 0.122 sec
	FAILED
Condition not satisfied:

user.validate()
|    |
|    false
forum.User : (unsaved)

junit.framework.AssertionFailedError: Condition not satisfied:

user.validate()
|    |
|    false
forum.User : (unsaved)

	at forum.UserSpec.Test name 2(UserSpec.groovy:34)

Testcase: Test name 3 took 0.044 sec
	FAILED
Condition not satisfied:

user.validate()
|    |
|    false
forum.User : (unsaved)

junit.framework.AssertionFailedError: Condition not satisfied:

user.validate()
|    |
|    false
forum.User : (unsaved)

	at forum.UserSpec.Test name 3(UserSpec.groovy:44)

Testcase: Test name 4 took 0.102 sec
	FAILED
Condition not satisfied:

user.validate()
|    |
|    false
forum.User : (unsaved)

junit.framework.AssertionFailedError: Condition not satisfied:

user.validate()
|    |
|    false
forum.User : (unsaved)

	at forum.UserSpec.Test name 4(UserSpec.groovy:54)

Testcase: Test name 5 took 0.107 sec
Testcase: Test lastname 1 took 0.053 sec
	FAILED
Condition not satisfied:

user.validate()
|    |
|    false
forum.User : (unsaved)

junit.framework.AssertionFailedError: Condition not satisfied:

user.validate()
|    |
|    false
forum.User : (unsaved)

	at forum.UserSpec.Test lastname 1(UserSpec.groovy:74)

Testcase: Test lastname 2 took 0.058 sec
	FAILED
Condition not satisfied:

user.validate()
|    |
|    false
forum.User : (unsaved)

junit.framework.AssertionFailedError: Condition not satisfied:

user.validate()
|    |
|    false
forum.User : (unsaved)

	at forum.UserSpec.Test lastname 2(UserSpec.groovy:84)

Testcase: Test lastname 3 took 0.052 sec
	FAILED
Condition not satisfied:

user.validate()
|    |
|    false
forum.User : (unsaved)

junit.framework.AssertionFailedError: Condition not satisfied:

user.validate()
|    |
|    false
forum.User : (unsaved)

	at forum.UserSpec.Test lastname 3(UserSpec.groovy:94)

Testcase: Test lastname 4 took 0.055 sec
Testcase: Test age 1 took 0.05 sec
	FAILED
Condition not satisfied:

user.validate()
|    |
|    false
forum.User : (unsaved)

junit.framework.AssertionFailedError: Condition not satisfied:

user.validate()
|    |
|    false
forum.User : (unsaved)

	at forum.UserSpec.Test age 1(UserSpec.groovy:114)

Testcase: Test age 2 took 0.078 sec
	FAILED
Condition not satisfied:

user.validate()
|    |
|    false
forum.User : (unsaved)

junit.framework.AssertionFailedError: Condition not satisfied:

user.validate()
|    |
|    false
forum.User : (unsaved)

	at forum.UserSpec.Test age 2(UserSpec.groovy:124)

Testcase: Test age 3 took 0.037 sec
Testcase: Test username 1 took 0.415 sec
	FAILED
Condition not satisfied:

user.validate()
|    |
|    false
forum.User : (unsaved)

junit.framework.AssertionFailedError: Condition not satisfied:

user.validate()
|    |
|    false
forum.User : (unsaved)

	at forum.UserSpec.Test username 1(UserSpec.groovy:147)

Testcase: Test username 2 took 0.067 sec
Testcase: Test password 1 took 0.028 sec
	FAILED
Condition not satisfied:

user.validate()
|    |
|    false
forum.User : (unsaved)

junit.framework.AssertionFailedError: Condition not satisfied:

user.validate()
|    |
|    false
forum.User : (unsaved)

	at forum.UserSpec.Test password 1(UserSpec.groovy:170)

Testcase: Test password 2 took 0.045 sec
	FAILED
Condition not satisfied:

user.validate()
|    |
|    false
forum.User : (unsaved)

junit.framework.AssertionFailedError: Condition not satisfied:

user.validate()
|    |
|    false
forum.User : (unsaved)

	at forum.UserSpec.Test password 2(UserSpec.groovy:181)

Testcase: Test password 3 took 0.04 sec
	FAILED
Condition not satisfied:

user.validate()
|    |
|    false
forum.User : (unsaved)

junit.framework.AssertionFailedError: Condition not satisfied:

user.validate()
|    |
|    false
forum.User : (unsaved)

	at forum.UserSpec.Test password 3(UserSpec.groovy:191)

Testcase: Test password 4 took 0.047 sec
	FAILED
Condition not satisfied:

user.validate()
|    |
|    false
forum.User : (unsaved)

junit.framework.AssertionFailedError: Condition not satisfied:

user.validate()
|    |
|    false
forum.User : (unsaved)

	at forum.UserSpec.Test password 4(UserSpec.groovy:201)

Testcase: Test password 5 took 0.034 sec
